<?xml version="1.0" encoding="UTF-8"?>
<!-- Generated by org.testng.reporters.JUnitReportReporter -->
<testsuite hostname="DESKTOP-88FLBF9" failures="0" tests="2" name="appsGoogle.googleKeep" time="61.381" errors="0" timestamp="2020-09-22T04:14:57 IST" skipped="0">
  <testcase classname="appsGoogle.googleKeep" name="addReminder" time="38.254"/>
  <system-out/>
  <testcase classname="appsGoogle.googleKeep" name="addNotes" time="23.127"/>
  <system-out/>
</testsuite> <!-- appsGoogle.googleKeep -->
