<?xml version="1.0" encoding="UTF-8"?>
<!-- Generated by org.testng.reporters.JUnitReportReporter -->
<testsuite hostname="DESKTOP-88FLBF9" failures="0" tests="1" name="appsGoogle.googleTask" time="27.755" errors="0" timestamp="2020-09-22T04:14:57 IST" skipped="0">
  <testcase classname="appsGoogle.googleTask" name="addTasks" time="27.755"/>
  <system-out/>
</testsuite> <!-- appsGoogle.googleTask -->
