<?xml version="1.0" encoding="UTF-8"?>
<!-- Generated by org.testng.reporters.JUnitReportReporter -->
<testsuite hostname="DESKTOP-88FLBF9" failures="0" tests="3" name="appsGoogle.WebappTest" time="130.404" errors="0" timestamp="2020-09-22T04:14:57 IST" skipped="0">
  <testcase classname="appsGoogle.WebappTest" name="act_1" time="47.358"/>
  <system-out/>
  <testcase classname="appsGoogle.WebappTest" name="ValidLogin" time="36.154"/>
  <system-out/>
  <testcase classname="appsGoogle.WebappTest" name="LoginSimpleForm" time="46.892"/>
  <system-out/>
</testsuite> <!-- appsGoogle.WebappTest -->
